[ 2014-10-21T15:18:08+08:00 ] 127.0.0.1 /siyuanlu_php/
INFO: [ app_init ] --START--
INFO: Run Behavior\BuildLiteBehavior [ RunTime:0.000095s ]
INFO: [ app_init ] --END-- [ RunTime:0.080784s ]
INFO: [ app_begin ] --START--
INFO: Run Behavior\ReadHtmlCacheBehavior [ RunTime:0.025593s ]
INFO: [ app_begin ] --END-- [ RunTime:0.025934s ]
ERR: 模板不存在:./Application/Home/View/Index/index.html

[ 2014-10-21T15:24:45+08:00 ] 127.0.0.1 /siyuanlu_php/
INFO: [ app_init ] --START--
INFO: Run Behavior\BuildLiteBehavior [ RunTime:0.000085s ]
INFO: [ app_init ] --END-- [ RunTime:0.004031s ]
INFO: [ app_begin ] --START--
INFO: Run Behavior\ReadHtmlCacheBehavior [ RunTime:0.009093s ]
INFO: [ app_begin ] --END-- [ RunTime:0.009519s ]
ERR: 模板不存在:./Application/Home/View/Html/index.html

[ 2014-10-21T15:25:14+08:00 ] 127.0.0.1 /siyuanlu_php/
INFO: [ app_init ] --START--
INFO: Run Behavior\BuildLiteBehavior [ RunTime:0.000093s ]
INFO: [ app_init ] --END-- [ RunTime:0.004906s ]
INFO: [ app_begin ] --START--
INFO: Run Behavior\ReadHtmlCacheBehavior [ RunTime:0.014070s ]
INFO: [ app_begin ] --END-- [ RunTime:0.014483s ]
INFO: [ view_parse ] --START--
INFO: [ template_filter ] --START--
INFO: Run Behavior\ContentReplaceBehavior [ RunTime:0.000184s ]
INFO: [ template_filter ] --END-- [ RunTime:0.000449s ]
INFO: Run Behavior\ParseTemplateBehavior [ RunTime:0.214284s ]
INFO: [ view_parse ] --END-- [ RunTime:0.214653s ]
INFO: [ view_filter ] --START--
INFO: Run Behavior\WriteHtmlCacheBehavior [ RunTime:0.011370s ]
INFO: [ view_filter ] --END-- [ RunTime:0.011598s ]
INFO: [ app_end ] --START--
INFO: Run Behavior\ShowPageTraceBehavior [ RunTime:0.021437s ]
INFO: [ app_end ] --END-- [ RunTime:0.021801s ]

[ 2014-10-21T15:25:29+08:00 ] 127.0.0.1 /siyuanlu_php/
INFO: [ app_init ] --START--
INFO: Run Behavior\BuildLiteBehavior [ RunTime:0.000088s ]
INFO: [ app_init ] --END-- [ RunTime:0.004157s ]
INFO: [ app_begin ] --START--
INFO: Run Behavior\ReadHtmlCacheBehavior [ RunTime:0.007707s ]
INFO: [ app_begin ] --END-- [ RunTime:0.008123s ]
INFO: [ view_parse ] --START--
INFO: [ template_filter ] --START--
INFO: Run Behavior\ContentReplaceBehavior [ RunTime:0.000256s ]
INFO: [ template_filter ] --END-- [ RunTime:0.000522s ]
INFO: Run Behavior\ParseTemplateBehavior [ RunTime:0.119552s ]
INFO: [ view_parse ] --END-- [ RunTime:0.119913s ]
INFO: [ view_filter ] --START--
INFO: Run Behavior\WriteHtmlCacheBehavior [ RunTime:0.003481s ]
INFO: [ view_filter ] --END-- [ RunTime:0.003707s ]
INFO: [ app_end ] --START--
INFO: Run Behavior\ShowPageTraceBehavior [ RunTime:0.004357s ]
INFO: [ app_end ] --END-- [ RunTime:0.004642s ]

[ 2014-10-21T15:31:17+08:00 ] 127.0.0.1 /siyuanlu_php/
INFO: [ app_init ] --START--
INFO: Run Behavior\BuildLiteBehavior [ RunTime:0.000083s ]
INFO: [ app_init ] --END-- [ RunTime:0.003993s ]
INFO: [ app_begin ] --START--
INFO: Run Behavior\ReadHtmlCacheBehavior [ RunTime:0.010017s ]
INFO: [ app_begin ] --END-- [ RunTime:0.010423s ]
INFO: [ view_parse ] --START--
INFO: [ template_filter ] --START--
INFO: Run Behavior\ContentReplaceBehavior [ RunTime:0.000332s ]
INFO: [ template_filter ] --END-- [ RunTime:0.000738s ]
INFO: Run Behavior\ParseTemplateBehavior [ RunTime:0.184086s ]
INFO: [ view_parse ] --END-- [ RunTime:0.184996s ]
INFO: [ view_filter ] --START--
INFO: Run Behavior\WriteHtmlCacheBehavior [ RunTime:0.006637s ]
INFO: [ view_filter ] --END-- [ RunTime:0.007014s ]
INFO: [ app_end ] --START--
INFO: Run Behavior\ShowPageTraceBehavior [ RunTime:0.009130s ]
INFO: [ app_end ] --END-- [ RunTime:0.009508s ]

[ 2014-10-21T15:32:15+08:00 ] 127.0.0.1 /siyuanlu_php/
INFO: [ app_init ] --START--
INFO: Run Behavior\BuildLiteBehavior [ RunTime:0.000085s ]
INFO: [ app_init ] --END-- [ RunTime:0.003826s ]
INFO: [ app_begin ] --START--
INFO: Run Behavior\ReadHtmlCacheBehavior [ RunTime:0.012066s ]
INFO: [ app_begin ] --END-- [ RunTime:0.012478s ]
INFO: [ view_parse ] --START--
INFO: [ template_filter ] --START--
INFO: Run Behavior\ContentReplaceBehavior [ RunTime:0.000339s ]
INFO: [ template_filter ] --END-- [ RunTime:0.000726s ]
INFO: Run Behavior\ParseTemplateBehavior [ RunTime:0.153161s ]
INFO: [ view_parse ] --END-- [ RunTime:0.153559s ]
INFO: [ view_filter ] --START--
INFO: Run Behavior\WriteHtmlCacheBehavior [ RunTime:0.014465s ]
INFO: [ view_filter ] --END-- [ RunTime:0.014807s ]
INFO: [ app_end ] --START--
INFO: Run Behavior\ShowPageTraceBehavior [ RunTime:0.015022s ]
INFO: [ app_end ] --END-- [ RunTime:0.015436s ]

[ 2014-10-21T15:32:41+08:00 ] 127.0.0.1 /siyuanlu_php/
INFO: [ app_init ] --START--
INFO: Run Behavior\BuildLiteBehavior [ RunTime:0.000166s ]
INFO: [ app_init ] --END-- [ RunTime:0.004015s ]
INFO: [ app_begin ] --START--
INFO: Run Behavior\ReadHtmlCacheBehavior [ RunTime:0.006782s ]
INFO: [ app_begin ] --END-- [ RunTime:0.007200s ]
INFO: [ view_parse ] --START--
INFO: [ template_filter ] --START--
INFO: Run Behavior\ContentReplaceBehavior [ RunTime:0.000207s ]
INFO: [ template_filter ] --END-- [ RunTime:0.000483s ]
INFO: Run Behavior\ParseTemplateBehavior [ RunTime:0.071823s ]
INFO: [ view_parse ] --END-- [ RunTime:0.072160s ]
INFO: [ view_filter ] --START--
INFO: Run Behavior\WriteHtmlCacheBehavior [ RunTime:0.002948s ]
INFO: [ view_filter ] --END-- [ RunTime:0.003169s ]
INFO: [ app_end ] --START--
INFO: Run Behavior\ShowPageTraceBehavior [ RunTime:0.003835s ]
INFO: [ app_end ] --END-- [ RunTime:0.004067s ]

[ 2014-10-21T15:33:10+08:00 ] 127.0.0.1 /siyuanlu_php/
INFO: [ app_init ] --START--
INFO: Run Behavior\BuildLiteBehavior [ RunTime:0.000082s ]
INFO: [ app_init ] --END-- [ RunTime:0.003651s ]
INFO: [ app_begin ] --START--
INFO: Run Behavior\ReadHtmlCacheBehavior [ RunTime:0.006410s ]
INFO: [ app_begin ] --END-- [ RunTime:0.006765s ]
INFO: [ view_parse ] --START--
INFO: [ template_filter ] --START--
INFO: Run Behavior\ContentReplaceBehavior [ RunTime:0.000394s ]
INFO: [ template_filter ] --END-- [ RunTime:0.002071s ]
INFO: Run Behavior\ParseTemplateBehavior [ RunTime:0.089073s ]
INFO: [ view_parse ] --END-- [ RunTime:0.089464s ]
INFO: [ view_filter ] --START--
INFO: Run Behavior\WriteHtmlCacheBehavior [ RunTime:0.006042s ]
INFO: [ view_filter ] --END-- [ RunTime:0.006374s ]
INFO: [ app_end ] --START--
INFO: Run Behavior\ShowPageTraceBehavior [ RunTime:0.008508s ]
INFO: [ app_end ] --END-- [ RunTime:0.008905s ]

[ 2014-10-21T15:33:50+08:00 ] 127.0.0.1 /siyuanlu_php/
INFO: [ app_init ] --START--
INFO: Run Behavior\BuildLiteBehavior [ RunTime:0.000083s ]
INFO: [ app_init ] --END-- [ RunTime:0.005975s ]
INFO: [ app_begin ] --START--
INFO: Run Behavior\ReadHtmlCacheBehavior [ RunTime:0.012949s ]
INFO: [ app_begin ] --END-- [ RunTime:0.013366s ]
INFO: [ view_parse ] --START--
INFO: [ template_filter ] --START--
INFO: Run Behavior\ContentReplaceBehavior [ RunTime:0.000314s ]
INFO: [ template_filter ] --END-- [ RunTime:0.000707s ]
INFO: Run Behavior\ParseTemplateBehavior [ RunTime:0.090246s ]
INFO: [ view_parse ] --END-- [ RunTime:0.090693s ]
INFO: [ view_filter ] --START--
INFO: Run Behavior\WriteHtmlCacheBehavior [ RunTime:0.020554s ]
INFO: [ view_filter ] --END-- [ RunTime:0.027637s ]
INFO: [ app_end ] --START--
INFO: Run Behavior\ShowPageTraceBehavior [ RunTime:0.006250s ]
INFO: [ app_end ] --END-- [ RunTime:0.006692s ]

[ 2014-10-21T15:46:28+08:00 ] 127.0.0.1 /siyuanlu/
INFO: [ app_init ] --START--
INFO: Run Behavior\BuildLiteBehavior [ RunTime:0.000111s ]
INFO: [ app_init ] --END-- [ RunTime:0.003458s ]
INFO: [ app_begin ] --START--
INFO: Run Behavior\ReadHtmlCacheBehavior [ RunTime:0.006210s ]
INFO: [ app_begin ] --END-- [ RunTime:0.006607s ]
INFO: [ view_parse ] --START--
INFO: [ template_filter ] --START--
INFO: Run Behavior\ContentReplaceBehavior [ RunTime:0.000206s ]
INFO: [ template_filter ] --END-- [ RunTime:0.000446s ]
INFO: Run Behavior\ParseTemplateBehavior [ RunTime:0.080711s ]
INFO: [ view_parse ] --END-- [ RunTime:0.081086s ]
INFO: [ view_filter ] --START--
INFO: Run Behavior\WriteHtmlCacheBehavior [ RunTime:0.007322s ]
INFO: [ view_filter ] --END-- [ RunTime:0.007678s ]
INFO: [ app_end ] --START--
INFO: Run Behavior\ShowPageTraceBehavior [ RunTime:0.007195s ]
INFO: [ app_end ] --END-- [ RunTime:0.007507s ]

